Arguments: 
  /Users/timsmit/.nvm/versions/node/v10.16.3/bin/node /usr/local/Cellar/yarn/1.22.15/libexec/bin/yarn.js add --save chrome-launcher puppeteer lighthouse request util fs

PATH: 
  /Users/timsmit/.local/bin:/Users/timsmit/.nvm/versions/node/v10.16.3/bin:/Users/timsmit/.deno/bin:/Users/timsmit/bin:/usr/local/bin:/usr/local/bin:/usr/bin:/bin:/usr/sbin:/sbin:/Library/Apple/usr/bin:/Users/timsmit/.local/bin:/Users/timsmit/.nvm/versions/node/v10.16.3/bin:/Users/timsmit/.deno/bin:/Users/timsmit/bin:/Applications/Visual Studio Code - Insiders.app/Contents/Resources/app/bin$:/Applications/Visual Studio Code - Insiders.app/Contents/Resources/app/bin$

Yarn version: 
  1.22.15

Node version: 
  10.16.3

Platform: 
  darwin x64

Trace: 
  Error: getaddrinfo ENOTFOUND artifactory.gapinc.dev artifactory.gapinc.dev:80
      at GetAddrInfoReqWrap.onlookup [as oncomplete] (dns.js:56:26)

npm manifest: 
  {
    "name": "lighthouse-puppeteer",
    "version": "1.0.0",
    "description": "",
    "main": "Lighthouse-Puppeteer.js",
    "scripts": {
      "test": "echo \"Error: no test specified\" && exit 1"
    },
    "keywords": [],
    "author": "",
    "license": "ISC"
  }

yarn manifest: 
  No manifest

Lockfile: 
  No lockfile
